0 info it worked if it ends with ok
1 verbose cli [ 'node', '/usr/local/bin/npm', '--sava-dev', 'install', 'clam' ]
2 info using npm@1.4.14
3 info using node@v0.10.29
4 verbose cache add [ 'clam', null ]
5 verbose cache add name=undefined spec="clam" args=["clam",null]
6 verbose parsed url { protocol: null,
6 verbose parsed url   slashes: null,
6 verbose parsed url   auth: null,
6 verbose parsed url   host: null,
6 verbose parsed url   port: null,
6 verbose parsed url   hostname: null,
6 verbose parsed url   hash: null,
6 verbose parsed url   search: null,
6 verbose parsed url   query: null,
6 verbose parsed url   pathname: 'clam',
6 verbose parsed url   path: 'clam',
6 verbose parsed url   href: 'clam' }
7 silly lockFile ef1feb00-clam clam
8 verbose lock clam /Users/admin/.npm/ef1feb00-clam.lock
9 silly lockFile ef1feb00-clam clam
10 silly lockFile ef1feb00-clam clam
11 verbose addNamed [ 'clam', '' ]
12 verbose addNamed [ null, '*' ]
13 silly lockFile c8f20154-clam clam@
14 verbose lock clam@ /Users/admin/.npm/c8f20154-clam.lock
15 silly addNameRange { name: 'clam', range: '*', hasData: false }
16 verbose url raw clam
17 verbose url resolving [ 'https://registry.npmjs.org/', './clam' ]
18 verbose url resolved https://registry.npmjs.org/clam
19 info trying registry request attempt 1 at 17:11:32
20 verbose etag "4L02SB6B9D5H6VAOXW1CYFNES"
21 http GET https://registry.npmjs.org/clam
22 http 304 https://registry.npmjs.org/clam
23 silly registry.get cb [ 304,
23 silly registry.get   { date: 'Thu, 17 Jul 2014 09:11:33 GMT',
23 silly registry.get     server: 'Apache',
23 silly registry.get     via: '1.1 varnish',
23 silly registry.get     'last-modified': 'Thu, 17 Jul 2014 09:11:33 GMT',
23 silly registry.get     'cache-control': 'max-age=30',
23 silly registry.get     etag: '"4L02SB6B9D5H6VAOXW1CYFNES"',
23 silly registry.get     'x-served-by': 'cache-ty68-TYO',
23 silly registry.get     'x-cache': 'HIT',
23 silly registry.get     'x-cache-hits': '1',
23 silly registry.get     'x-timer': 'S1405588293.610390,VS0,VE0',
23 silly registry.get     vary: 'Accept',
23 silly registry.get     'content-length': '0',
23 silly registry.get     'keep-alive': 'timeout=10, max=50',
23 silly registry.get     connection: 'Keep-Alive' } ]
24 verbose etag clam from cache
25 silly addNameRange number 2 { name: 'clam', range: '*', hasData: true }
26 silly addNameRange versions [ 'clam',
26 silly addNameRange   [ '0.0.1',
26 silly addNameRange     '0.0.2',
26 silly addNameRange     '0.0.3',
26 silly addNameRange     '0.0.4',
26 silly addNameRange     '0.0.5',
26 silly addNameRange     '0.0.6',
26 silly addNameRange     '0.0.7',
26 silly addNameRange     '0.0.8',
26 silly addNameRange     '0.0.9',
26 silly addNameRange     '0.1.0',
26 silly addNameRange     '0.1.1',
26 silly addNameRange     '0.1.2',
26 silly addNameRange     '0.1.3',
26 silly addNameRange     '0.1.4',
26 silly addNameRange     '0.1.5',
26 silly addNameRange     '0.1.6',
26 silly addNameRange     '0.1.7',
26 silly addNameRange     '0.1.8',
26 silly addNameRange     '0.1.9',
26 silly addNameRange     '0.2.0',
26 silly addNameRange     '0.2.1',
26 silly addNameRange     '0.2.2',
26 silly addNameRange     '0.2.3',
26 silly addNameRange     '0.2.4',
26 silly addNameRange     '0.2.5',
26 silly addNameRange     '0.2.6',
26 silly addNameRange     '0.2.7',
26 silly addNameRange     '0.2.8',
26 silly addNameRange     '0.2.9',
26 silly addNameRange     '0.3.0',
26 silly addNameRange     '0.3.1',
26 silly addNameRange     '0.3.2',
26 silly addNameRange     '0.3.3',
26 silly addNameRange     '0.3.4',
26 silly addNameRange     '0.3.5',
26 silly addNameRange     '0.3.6',
26 silly addNameRange     '0.3.7',
26 silly addNameRange     '0.3.9',
26 silly addNameRange     '0.4.0',
26 silly addNameRange     '0.4.1',
26 silly addNameRange     '0.4.2',
26 silly addNameRange     '0.4.3',
26 silly addNameRange     '0.4.4',
26 silly addNameRange     '0.4.5',
26 silly addNameRange     '0.4.6',
26 silly addNameRange     '0.4.7',
26 silly addNameRange     '0.4.8',
26 silly addNameRange     '0.4.9',
26 silly addNameRange     '0.4.92',
26 silly addNameRange     '0.4.93',
26 silly addNameRange     '0.4.94',
26 silly addNameRange     '0.4.95',
26 silly addNameRange     '0.4.96',
26 silly addNameRange     '0.4.98',
26 silly addNameRange     '0.4.99',
26 silly addNameRange     '0.5.0',
26 silly addNameRange     '0.5.1',
26 silly addNameRange     '0.5.2',
26 silly addNameRange     '0.5.3',
26 silly addNameRange     '0.5.4',
26 silly addNameRange     '0.5.5',
26 silly addNameRange     '0.5.6',
26 silly addNameRange     '0.5.7',
26 silly addNameRange     '0.5.8',
26 silly addNameRange     '0.5.9',
26 silly addNameRange     '0.6.0',
26 silly addNameRange     '0.6.1',
26 silly addNameRange     '0.6.2',
26 silly addNameRange     '0.6.4',
26 silly addNameRange     '0.6.5',
26 silly addNameRange     '0.6.6',
26 silly addNameRange     '0.7.0',
26 silly addNameRange     '0.7.1',
26 silly addNameRange     '0.7.2',
26 silly addNameRange     '0.7.3',
26 silly addNameRange     '0.7.4',
26 silly addNameRange     '0.7.5',
26 silly addNameRange     '0.7.6',
26 silly addNameRange     '0.7.7',
26 silly addNameRange     '0.7.8',
26 silly addNameRange     '0.7.9',
26 silly addNameRange     '0.7.10',
26 silly addNameRange     '0.7.11',
26 silly addNameRange     '0.8.11',
26 silly addNameRange     '0.9.0',
26 silly addNameRange     '0.9.1',
26 silly addNameRange     '0.9.2',
26 silly addNameRange     '0.9.3',
26 silly addNameRange     '0.9.4',
26 silly addNameRange     '0.9.5',
26 silly addNameRange     '0.9.7',
26 silly addNameRange     '0.9.8',
26 silly addNameRange     '0.9.9',
26 silly addNameRange     '0.10.0',
26 silly addNameRange     '0.10.1',
26 silly addNameRange     '0.10.2',
26 silly addNameRange     '0.10.3',
26 silly addNameRange     '0.10.4',
26 silly addNameRange     '0.10.5',
26 silly addNameRange     '0.10.6',
26 silly addNameRange     '0.10.7',
26 silly addNameRange     '0.10.9',
26 silly addNameRange     '0.10.10',
26 silly addNameRange     '0.10.11',
26 silly addNameRange     '0.10.13',
26 silly addNameRange     '0.10.14',
26 silly addNameRange     '0.10.15',
26 silly addNameRange     '0.10.16',
26 silly addNameRange     '0.10.17',
26 silly addNameRange     '0.10.18',
26 silly addNameRange     '0.10.19',
26 silly addNameRange     '0.10.20',
26 silly addNameRange     '0.11.0',
26 silly addNameRange     '0.11.1',
26 silly addNameRange     '0.11.2',
26 silly addNameRange     '0.11.3',
26 silly addNameRange     '0.11.4',
26 silly addNameRange     '0.11.5',
26 silly addNameRange     '0.11.7' ] ]
27 verbose addNamed [ 'clam', '0.11.7' ]
28 verbose addNamed [ '0.11.7', '0.11.7' ]
29 silly lockFile 860e98aa-clam-0-11-7 clam@0.11.7
30 verbose lock clam@0.11.7 /Users/admin/.npm/860e98aa-clam-0-11-7.lock
31 silly lockFile 860e98aa-clam-0-11-7 clam@0.11.7
32 silly lockFile 860e98aa-clam-0-11-7 clam@0.11.7
33 silly lockFile c8f20154-clam clam@
34 silly lockFile c8f20154-clam clam@
35 silly resolved [ { name: 'clam',
35 silly resolved     version: '0.11.7',
35 silly resolved     description: 'A full Web front end develop envirment.',
35 silly resolved     main: 'index.js',
35 silly resolved     bin: { clam: './bin/clam' },
35 silly resolved     directories: { test: 'tests' },
35 silly resolved     dependencies:
35 silly resolved      { commander: '~1.0.5',
35 silly resolved        connect: '~2.6.2',
35 silly resolved        cpr: '~0.1.1',
35 silly resolved        debug: '~0.7.0',
35 silly resolved        'flex-combo': '~0.5.1',
35 silly resolved        'iconv-lite': '~0.2.5',
35 silly resolved        'is-utf8': '~0.2.0',
35 silly resolved        joinbuffers: '~0.1.1',
35 silly resolved        juicer: '~0.6.4-stable',
35 silly resolved        mime: '~1.2.7',
35 silly resolved        mkdirp: '~0.3.4',
35 silly resolved        underscore: '~1.4.2',
35 silly resolved        send: '0.1.0',
35 silly resolved        less: '1.6.0',
35 silly resolved        civet: '1.2.17',
35 silly resolved        doji: '~0.1.0',
35 silly resolved        condenser: '~0.0.15' },
35 silly resolved     devDependencies: {},
35 silly resolved     scripts: { test: 'mocha tests/test.js' },
35 silly resolved     repository: { type: 'git', url: 'git@gitlab.alibaba-inc.com:clam.git' },
35 silly resolved     keywords: [ 'toolchain', 'commandline', 'frontend' ],
35 silly resolved     author: { name: 'Wayfind' },
35 silly resolved     license: 'BSD',
35 silly resolved     gitHead: 'ca57f4ec759697ebbcbb28cc17d12a1389d0ed38',
35 silly resolved     _id: 'clam@0.11.7',
35 silly resolved     _shasum: 'e71748206a2c661fddf586cd9a0a1e4c4489d17a',
35 silly resolved     _from: 'clam@',
35 silly resolved     _npmVersion: '1.4.14',
35 silly resolved     _npmUser: { name: 'limingv5', email: 'limingv5@gmail.com' },
35 silly resolved     maintainers: [ [Object], [Object], [Object], [Object] ],
35 silly resolved     dist:
35 silly resolved      { shasum: 'e71748206a2c661fddf586cd9a0a1e4c4489d17a',
35 silly resolved        tarball: 'http://registry.npmjs.org/clam/-/clam-0.11.7.tgz' },
35 silly resolved     _resolved: 'https://registry.npmjs.org/clam/-/clam-0.11.7.tgz',
35 silly resolved     readme: 'ERROR: No README data found!' } ]
36 info install clam@0.11.7 into /Users/admin
37 info installOne clam@0.11.7
38 info /Users/admin/node_modules/clam unbuild
39 verbose tar unpack /Users/admin/.npm/clam/0.11.7/package.tgz
40 silly lockFile 79ad2276-ar-Users-admin-node-modules-clam tar:///Users/admin/node_modules/clam
41 verbose lock tar:///Users/admin/node_modules/clam /Users/admin/.npm/79ad2276-ar-Users-admin-node-modules-clam.lock
42 silly lockFile 432b5e14-dmin-npm-clam-0-11-7-package-tgz tar:///Users/admin/.npm/clam/0.11.7/package.tgz
43 verbose lock tar:///Users/admin/.npm/clam/0.11.7/package.tgz /Users/admin/.npm/432b5e14-dmin-npm-clam-0-11-7-package-tgz.lock
44 silly gunzTarPerm modes [ '755', '644' ]
45 silly gunzTarPerm extractEntry package.json
46 silly gunzTarPerm extractEntry .npmignore
47 silly gunzTarPerm extractEntry README.md
48 silly gunzTarPerm extractEntry index.js
49 silly gunzTarPerm extractEntry lib/_convert.js
50 silly gunzTarPerm extractEntry lib/dependParser.js
51 silly gunzTarPerm extractEntry lib/hosts.js
52 silly gunzTarPerm extractEntry lib/jsonHandle.js
53 silly gunzTarPerm extractEntry lib/dataApiHandle.js
54 silly gunzTarPerm extractEntry lib/assetUrl.js
55 silly gunzTarPerm extractEntry lib/mod.js
56 silly gunzTarPerm extractEntry lib/pacHandle.js
57 silly gunzTarPerm extractEntry lib/page.js
58 silly gunzTarPerm extractEntry lib/pageparser.js
59 silly gunzTarPerm extractEntry lib/config.js
60 silly gunzTarPerm extractEntry lib/project.js
61 silly gunzTarPerm extractEntry lib/compile.js
62 silly gunzTarPerm extractEntry lib/proxy.js
63 silly gunzTarPerm extractEntry lib/build.js
64 silly gunzTarPerm extractEntry lib/selectfile.js
65 silly gunzTarPerm extractEntry lib/assetsTool.js
66 silly gunzTarPerm extractEntry lib/server.js
67 silly gunzTarPerm extractEntry lib/assetsConfig.js
68 silly gunzTarPerm extractEntry lib/template.js
69 silly gunzTarPerm extractEntry lib/jspage.js
70 silly gunzTarPerm extractEntry lib/widget.js
71 silly gunzTarPerm extractEntry lib/mocker.js
72 silly gunzTarPerm extractEntry lib/util/beautify.js
73 silly gunzTarPerm extractEntry lib/util/datagen.js
74 silly gunzTarPerm extractEntry lib/util/map.js
75 silly gunzTarPerm extractEntry lib/util/ssi.js
76 silly gunzTarPerm extractEntry lib/util/tidy.js
77 silly gunzTarPerm extractEntry lib/util/walk.js
78 silly gunzTarPerm extractEntry changelog.md
79 silly gunzTarPerm extractEntry .clam/mock.json
80 silly gunzTarPerm extractEntry tests/compile.js
81 silly gunzTarPerm extractEntry tests/config.js
82 silly gunzTarPerm extractEntry tests/jspage.js
83 silly gunzTarPerm extractEntry tests/project.js
84 silly gunzTarPerm extractEntry tests/compile/expect/direct.html
85 silly gunzTarPerm extractEntry tests/compile/expect/direct_rendered.html
86 silly gunzTarPerm extractEntry tests/compile/expect/lib.html
87 silly gunzTarPerm extractEntry tests/compile/expect/liblocal.html
88 silly gunzTarPerm extractEntry tests/compile/expect/libnest.html
89 silly gunzTarPerm extractEntry tests/compile/expect/nest.html
90 silly gunzTarPerm extractEntry tests/compile/mods/core/headhtml
91 silly gunzTarPerm extractEntry tests/compile/mods/corehtml/aaa/bb/assets/corehtml.js
92 silly gunzTarPerm extractEntry tests/compile/mods/corehtml/aaa/bb/assets/corehtml.css
93 silly gunzTarPerm extractEntry tests/compile/mods/corehtml/aaa/bb/corehtml
94 silly gunzTarPerm extractEntry tests/compile/mods/corehtml/assets/corehtml.js
95 silly gunzTarPerm extractEntry tests/compile/mods/corehtml/assets/corehtml.css
96 silly gunzTarPerm extractEntry tests/compile/mods/corehtml/corehtml
97 silly gunzTarPerm extractEntry tests/compile/mods/mod1/assets/ddd.js
98 silly gunzTarPerm extractEntry tests/compile/mods/mod1/assets/ddd.css
99 silly gunzTarPerm extractEntry tests/compile/mods/mod1/mod1.vm
100 silly gunzTarPerm extractEntry tests/compile/mods/mod1/ttt/ttt.vm
101 silly gunzTarPerm extractEntry tests/compile/mods/mod2/mod2.vm
102 silly gunzTarPerm extractEntry tests/compile/mods/ttt/ttt2.vm
103 silly gunzTarPerm extractEntry tests/compile/pages/assets/ddd.js
104 silly gunzTarPerm extractEntry tests/compile/pages/assets/ddd2.js
105 silly gunzTarPerm extractEntry tests/compile/pages/assets/ddd.css
106 silly gunzTarPerm extractEntry tests/compile/pages/assets/ddd2.css
107 silly gunzTarPerm extractEntry tests/compile/pages/direct.html
108 silly gunzTarPerm extractEntry tests/compile/pages/direct.vm
109 silly gunzTarPerm extractEntry tests/compile/pages/lib/lib/nest2.vm
110 silly gunzTarPerm extractEntry tests/compile/pages/lib/nest1.vm
111 silly gunzTarPerm extractEntry tests/compile/pages/lib.html
112 silly gunzTarPerm extractEntry tests/compile/pages/liblocal.html
113 silly gunzTarPerm extractEntry tests/compile/pages/libnest.html
114 silly gunzTarPerm extractEntry tests/compile/pages/nest.html
115 silly gunzTarPerm extractEntry tests/config/testroot/.clam/page.json
116 silly gunzTarPerm extractEntry tests/config/testroot/.clam/project.json
117 silly gunzTarPerm extractEntry tests/jspage/a.html
118 silly gunzTarPerm extractEntry tests/jspage/aaa/rengong/ttt
119 silly gunzTarPerm extractEntry tests/jspage/xx/yy/zz/a.html
120 silly gunzTarPerm extractEntry tests/testAll
121 silly gunzTarPerm extractEntry bin/clam
122 silly gunzTarPerm extractEntry pmc.png
123 silly gunzTarPerm extractEntry resource/mod/template.js
124 silly gunzTarPerm extractEntry resource/mod/template.css
125 silly gunzTarPerm extractEntry resource/mod/template.html
126 silly gunzTarPerm extractEntry resource/page/template.js
127 silly gunzTarPerm extractEntry resource/page/template.css
128 silly gunzTarPerm extractEntry resource/page/template.html
129 silly gunzTarPerm extractEntry resource/widget/template.js
130 silly gunzTarPerm extractEntry resource/widget/template.css
131 silly gunzTarPerm extractEntry test
132 silly gunzTarPerm extractEntry ui/assets/build-mgr.js
133 silly gunzTarPerm extractEntry ui/assets/common.css
134 silly gunzTarPerm extractEntry ui/assets/logo.png
135 silly gunzTarPerm extractEntry ui/build-manager.html
136 silly gunzTarPerm extractEntry ui/cdn-manager.html
137 silly gunzTarPerm extractEntry ui/common/foot.html
138 silly gunzTarPerm extractEntry ui/common/head.html
139 silly gunzTarPerm extractEntry ui/create-project.html
140 silly gunzTarPerm extractEntry ui/folder-viewer.html
141 silly gunzTarPerm extractEntry ui/mod-manager.html
142 silly gunzTarPerm extractEntry ui/page-manager.html
143 silly gunzTarPerm extractEntry ui/widget-manager.html
144 silly lockFile 79ad2276-ar-Users-admin-node-modules-clam tar:///Users/admin/node_modules/clam
145 silly lockFile 79ad2276-ar-Users-admin-node-modules-clam tar:///Users/admin/node_modules/clam
146 silly lockFile 432b5e14-dmin-npm-clam-0-11-7-package-tgz tar:///Users/admin/.npm/clam/0.11.7/package.tgz
147 silly lockFile 432b5e14-dmin-npm-clam-0-11-7-package-tgz tar:///Users/admin/.npm/clam/0.11.7/package.tgz
148 info preinstall clam@0.11.7
149 verbose readDependencies using package.json deps
150 verbose readDependencies using package.json deps
151 verbose cache add [ 'commander@~1.0.5', null ]
152 verbose cache add name=undefined spec="commander@~1.0.5" args=["commander@~1.0.5",null]
153 verbose parsed url { protocol: null,
153 verbose parsed url   slashes: null,
153 verbose parsed url   auth: null,
153 verbose parsed url   host: null,
153 verbose parsed url   port: null,
153 verbose parsed url   hostname: null,
153 verbose parsed url   hash: null,
153 verbose parsed url   search: null,
153 verbose parsed url   query: null,
153 verbose parsed url   pathname: 'commander@~1.0.5',
153 verbose parsed url   path: 'commander@~1.0.5',
153 verbose parsed url   href: 'commander@~1.0.5' }
154 verbose cache add [ 'connect@~2.6.2', null ]
155 verbose cache add name=undefined spec="connect@~2.6.2" args=["connect@~2.6.2",null]
156 verbose parsed url { protocol: null,
156 verbose parsed url   slashes: null,
156 verbose parsed url   auth: null,
156 verbose parsed url   host: null,
156 verbose parsed url   port: null,
156 verbose parsed url   hostname: null,
156 verbose parsed url   hash: null,
156 verbose parsed url   search: null,
156 verbose parsed url   query: null,
156 verbose parsed url   pathname: 'connect@~2.6.2',
156 verbose parsed url   path: 'connect@~2.6.2',
156 verbose parsed url   href: 'connect@~2.6.2' }
157 verbose cache add name="commander" spec="~1.0.5" args=["commander","~1.0.5"]
158 verbose parsed url { protocol: null,
158 verbose parsed url   slashes: null,
158 verbose parsed url   auth: null,
158 verbose parsed url   host: null,
158 verbose parsed url   port: null,
158 verbose parsed url   hostname: null,
158 verbose parsed url   hash: null,
158 verbose parsed url   search: null,
158 verbose parsed url   query: null,
158 verbose parsed url   pathname: '~1.0.5',
158 verbose parsed url   path: '~1.0.5',
158 verbose parsed url   href: '~1.0.5' }
159 verbose addNamed [ 'commander', '~1.0.5' ]
160 verbose addNamed [ null, '>=1.0.5-0 <1.1.0-0' ]
161 silly lockFile c5f7a27c-commander-1-0-5 commander@~1.0.5
162 verbose lock commander@~1.0.5 /Users/admin/.npm/c5f7a27c-commander-1-0-5.lock
163 verbose cache add name="connect" spec="~2.6.2" args=["connect","~2.6.2"]
164 verbose parsed url { protocol: null,
164 verbose parsed url   slashes: null,
164 verbose parsed url   auth: null,
164 verbose parsed url   host: null,
164 verbose parsed url   port: null,
164 verbose parsed url   hostname: null,
164 verbose parsed url   hash: null,
164 verbose parsed url   search: null,
164 verbose parsed url   query: null,
164 verbose parsed url   pathname: '~2.6.2',
164 verbose parsed url   path: '~2.6.2',
164 verbose parsed url   href: '~2.6.2' }
165 verbose addNamed [ 'connect', '~2.6.2' ]
166 verbose addNamed [ null, '>=2.6.2-0 <2.7.0-0' ]
167 silly lockFile 6aa50d52-connect-2-6-2 connect@~2.6.2
168 verbose lock connect@~2.6.2 /Users/admin/.npm/6aa50d52-connect-2-6-2.lock
169 verbose cache add [ 'cpr@~0.1.1', null ]
170 verbose cache add name=undefined spec="cpr@~0.1.1" args=["cpr@~0.1.1",null]
171 verbose parsed url { protocol: null,
171 verbose parsed url   slashes: null,
171 verbose parsed url   auth: null,
171 verbose parsed url   host: null,
171 verbose parsed url   port: null,
171 verbose parsed url   hostname: null,
171 verbose parsed url   hash: null,
171 verbose parsed url   search: null,
171 verbose parsed url   query: null,
171 verbose parsed url   pathname: 'cpr@~0.1.1',
171 verbose parsed url   path: 'cpr@~0.1.1',
171 verbose parsed url   href: 'cpr@~0.1.1' }
172 verbose cache add [ 'debug@~0.7.0', null ]
173 verbose cache add name=undefined spec="debug@~0.7.0" args=["debug@~0.7.0",null]
174 verbose parsed url { protocol: null,
174 verbose parsed url   slashes: null,
174 verbose parsed url   auth: null,
174 verbose parsed url   host: null,
174 verbose parsed url   port: null,
174 verbose parsed url   hostname: null,
174 verbose parsed url   hash: null,
174 verbose parsed url   search: null,
174 verbose parsed url   query: null,
174 verbose parsed url   pathname: 'debug@~0.7.0',
174 verbose parsed url   path: 'debug@~0.7.0',
174 verbose parsed url   href: 'debug@~0.7.0' }
175 verbose cache add name="cpr" spec="~0.1.1" args=["cpr","~0.1.1"]
176 verbose parsed url { protocol: null,
176 verbose parsed url   slashes: null,
176 verbose parsed url   auth: null,
176 verbose parsed url   host: null,
176 verbose parsed url   port: null,
176 verbose parsed url   hostname: null,
176 verbose parsed url   hash: null,
176 verbose parsed url   search: null,
176 verbose parsed url   query: null,
176 verbose parsed url   pathname: '~0.1.1',
176 verbose parsed url   path: '~0.1.1',
176 verbose parsed url   href: '~0.1.1' }
177 verbose addNamed [ 'cpr', '~0.1.1' ]
178 verbose addNamed [ null, '>=0.1.1-0 <0.2.0-0' ]
179 silly lockFile 08d62278-cpr-0-1-1 cpr@~0.1.1
180 verbose lock cpr@~0.1.1 /Users/admin/.npm/08d62278-cpr-0-1-1.lock
181 verbose cache add name="debug" spec="~0.7.0" args=["debug","~0.7.0"]
182 verbose parsed url { protocol: null,
182 verbose parsed url   slashes: null,
182 verbose parsed url   auth: null,
182 verbose parsed url   host: null,
182 verbose parsed url   port: null,
182 verbose parsed url   hostname: null,
182 verbose parsed url   hash: null,
182 verbose parsed url   search: null,
182 verbose parsed url   query: null,
182 verbose parsed url   pathname: '~0.7.0',
182 verbose parsed url   path: '~0.7.0',
182 verbose parsed url   href: '~0.7.0' }
183 verbose addNamed [ 'debug', '~0.7.0' ]
184 verbose addNamed [ null, '>=0.7.0-0 <0.8.0-0' ]
185 silly lockFile 88a35dfc-debug-0-7-0 debug@~0.7.0
186 verbose lock debug@~0.7.0 /Users/admin/.npm/88a35dfc-debug-0-7-0.lock
187 verbose cache add [ 'flex-combo@~0.5.1', null ]
188 verbose cache add name=undefined spec="flex-combo@~0.5.1" args=["flex-combo@~0.5.1",null]
189 verbose parsed url { protocol: null,
189 verbose parsed url   slashes: null,
189 verbose parsed url   auth: null,
189 verbose parsed url   host: null,
189 verbose parsed url   port: null,
189 verbose parsed url   hostname: null,
189 verbose parsed url   hash: null,
189 verbose parsed url   search: null,
189 verbose parsed url   query: null,
189 verbose parsed url   pathname: 'flex-combo@~0.5.1',
189 verbose parsed url   path: 'flex-combo@~0.5.1',
189 verbose parsed url   href: 'flex-combo@~0.5.1' }
190 silly addNameRange { name: 'commander',
190 silly addNameRange   range: '>=1.0.5-0 <1.1.0-0',
190 silly addNameRange   hasData: false }
191 silly addNameRange { name: 'connect', range: '>=2.6.2-0 <2.7.0-0', hasData: false }
192 verbose cache add name="flex-combo" spec="~0.5.1" args=["flex-combo","~0.5.1"]
193 verbose parsed url { protocol: null,
193 verbose parsed url   slashes: null,
193 verbose parsed url   auth: null,
193 verbose parsed url   host: null,
193 verbose parsed url   port: null,
193 verbose parsed url   hostname: null,
193 verbose parsed url   hash: null,
193 verbose parsed url   search: null,
193 verbose parsed url   query: null,
193 verbose parsed url   pathname: '~0.5.1',
193 verbose parsed url   path: '~0.5.1',
193 verbose parsed url   href: '~0.5.1' }
194 verbose addNamed [ 'flex-combo', '~0.5.1' ]
195 verbose addNamed [ null, '>=0.5.1-0 <0.6.0-0' ]
196 silly lockFile f9df73ab-flex-combo-0-5-1 flex-combo@~0.5.1
197 verbose lock flex-combo@~0.5.1 /Users/admin/.npm/f9df73ab-flex-combo-0-5-1.lock
198 verbose cache add [ 'iconv-lite@~0.2.5', null ]
199 verbose cache add name=undefined spec="iconv-lite@~0.2.5" args=["iconv-lite@~0.2.5",null]
200 verbose parsed url { protocol: null,
200 verbose parsed url   slashes: null,
200 verbose parsed url   auth: null,
200 verbose parsed url   host: null,
200 verbose parsed url   port: null,
200 verbose parsed url   hostname: null,
200 verbose parsed url   hash: null,
200 verbose parsed url   search: null,
200 verbose parsed url   query: null,
200 verbose parsed url   pathname: 'iconv-lite@~0.2.5',
200 verbose parsed url   path: 'iconv-lite@~0.2.5',
200 verbose parsed url   href: 'iconv-lite@~0.2.5' }
201 verbose cache add [ 'is-utf8@~0.2.0', null ]
202 verbose cache add name=undefined spec="is-utf8@~0.2.0" args=["is-utf8@~0.2.0",null]
203 verbose parsed url { protocol: null,
203 verbose parsed url   slashes: null,
203 verbose parsed url   auth: null,
203 verbose parsed url   host: null,
203 verbose parsed url   port: null,
203 verbose parsed url   hostname: null,
203 verbose parsed url   hash: null,
203 verbose parsed url   search: null,
203 verbose parsed url   query: null,
203 verbose parsed url   pathname: 'is-utf8@~0.2.0',
203 verbose parsed url   path: 'is-utf8@~0.2.0',
203 verbose parsed url   href: 'is-utf8@~0.2.0' }
204 silly addNameRange { name: 'cpr', range: '>=0.1.1-0 <0.2.0-0', hasData: false }
205 silly addNameRange { name: 'debug', range: '>=0.7.0-0 <0.8.0-0', hasData: false }
206 verbose cache add name="iconv-lite" spec="~0.2.5" args=["iconv-lite","~0.2.5"]
207 verbose parsed url { protocol: null,
207 verbose parsed url   slashes: null,
207 verbose parsed url   auth: null,
207 verbose parsed url   host: null,
207 verbose parsed url   port: null,
207 verbose parsed url   hostname: null,
207 verbose parsed url   hash: null,
207 verbose parsed url   search: null,
207 verbose parsed url   query: null,
207 verbose parsed url   pathname: '~0.2.5',
207 verbose parsed url   path: '~0.2.5',
207 verbose parsed url   href: '~0.2.5' }
208 verbose addNamed [ 'iconv-lite', '~0.2.5' ]
209 verbose addNamed [ null, '>=0.2.5-0 <0.3.0-0' ]
210 silly lockFile ca9efaa1-iconv-lite-0-2-5 iconv-lite@~0.2.5
211 verbose lock iconv-lite@~0.2.5 /Users/admin/.npm/ca9efaa1-iconv-lite-0-2-5.lock
212 verbose cache add [ 'joinbuffers@~0.1.1', null ]
213 verbose cache add name=undefined spec="joinbuffers@~0.1.1" args=["joinbuffers@~0.1.1",null]
214 verbose parsed url { protocol: null,
214 verbose parsed url   slashes: null,
214 verbose parsed url   auth: null,
214 verbose parsed url   host: null,
214 verbose parsed url   port: null,
214 verbose parsed url   hostname: null,
214 verbose parsed url   hash: null,
214 verbose parsed url   search: null,
214 verbose parsed url   query: null,
214 verbose parsed url   pathname: 'joinbuffers@~0.1.1',
214 verbose parsed url   path: 'joinbuffers@~0.1.1',
214 verbose parsed url   href: 'joinbuffers@~0.1.1' }
215 verbose cache add [ 'juicer@~0.6.4-stable', null ]
216 verbose cache add name=undefined spec="juicer@~0.6.4-stable" args=["juicer@~0.6.4-stable",null]
217 verbose parsed url { protocol: null,
217 verbose parsed url   slashes: null,
217 verbose parsed url   auth: null,
217 verbose parsed url   host: null,
217 verbose parsed url   port: null,
217 verbose parsed url   hostname: null,
217 verbose parsed url   hash: null,
217 verbose parsed url   search: null,
217 verbose parsed url   query: null,
217 verbose parsed url   pathname: 'juicer@~0.6.4-stable',
217 verbose parsed url   path: 'juicer@~0.6.4-stable',
217 verbose parsed url   href: 'juicer@~0.6.4-stable' }
218 verbose cache add name="is-utf8" spec="~0.2.0" args=["is-utf8","~0.2.0"]
219 verbose parsed url { protocol: null,
219 verbose parsed url   slashes: null,
219 verbose parsed url   auth: null,
219 verbose parsed url   host: null,
219 verbose parsed url   port: null,
219 verbose parsed url   hostname: null,
219 verbose parsed url   hash: null,
219 verbose parsed url   search: null,
219 verbose parsed url   query: null,
219 verbose parsed url   pathname: '~0.2.0',
219 verbose parsed url   path: '~0.2.0',
219 verbose parsed url   href: '~0.2.0' }
220 verbose addNamed [ 'is-utf8', '~0.2.0' ]
221 verbose addNamed [ null, '>=0.2.0-0 <0.3.0-0' ]
222 silly lockFile bf200a2b-is-utf8-0-2-0 is-utf8@~0.2.0
223 verbose lock is-utf8@~0.2.0 /Users/admin/.npm/bf200a2b-is-utf8-0-2-0.lock
224 silly addNameRange { name: 'flex-combo',
224 silly addNameRange   range: '>=0.5.1-0 <0.6.0-0',
224 silly addNameRange   hasData: false }
225 verbose cache add name="joinbuffers" spec="~0.1.1" args=["joinbuffers","~0.1.1"]
226 verbose parsed url { protocol: null,
226 verbose parsed url   slashes: null,
226 verbose parsed url   auth: null,
226 verbose parsed url   host: null,
226 verbose parsed url   port: null,
226 verbose parsed url   hostname: null,
226 verbose parsed url   hash: null,
226 verbose parsed url   search: null,
226 verbose parsed url   query: null,
226 verbose parsed url   pathname: '~0.1.1',
226 verbose parsed url   path: '~0.1.1',
226 verbose parsed url   href: '~0.1.1' }
227 verbose addNamed [ 'joinbuffers', '~0.1.1' ]
228 verbose addNamed [ null, '>=0.1.1-0 <0.2.0-0' ]
229 silly lockFile 77a36378-joinbuffers-0-1-1 joinbuffers@~0.1.1
230 verbose lock joinbuffers@~0.1.1 /Users/admin/.npm/77a36378-joinbuffers-0-1-1.lock
231 verbose cache add name="juicer" spec="~0.6.4-stable" args=["juicer","~0.6.4-stable"]
232 verbose parsed url { protocol: null,
232 verbose parsed url   slashes: null,
232 verbose parsed url   auth: null,
232 verbose parsed url   host: null,
232 verbose parsed url   port: null,
232 verbose parsed url   hostname: null,
232 verbose parsed url   hash: null,
232 verbose parsed url   search: null,
232 verbose parsed url   query: null,
232 verbose parsed url   pathname: '~0.6.4-stable',
232 verbose parsed url   path: '~0.6.4-stable',
232 verbose parsed url   href: '~0.6.4-stable' }
233 verbose addNamed [ 'juicer', '~0.6.4-stable' ]
234 verbose addNamed [ null, '>=0.6.4-stable <0.7.0-0' ]
235 silly lockFile f3292216-juicer-0-6-4-stable juicer@~0.6.4-stable
236 verbose lock juicer@~0.6.4-stable /Users/admin/.npm/f3292216-juicer-0-6-4-stable.lock
237 verbose cache add [ 'mime@~1.2.7', null ]
238 verbose cache add name=undefined spec="mime@~1.2.7" args=["mime@~1.2.7",null]
239 verbose parsed url { protocol: null,
239 verbose parsed url   slashes: null,
239 verbose parsed url   auth: null,
239 verbose parsed url   host: null,
239 verbose parsed url   port: null,
239 verbose parsed url   hostname: null,
239 verbose parsed url   hash: null,
239 verbose parsed url   search: null,
239 verbose parsed url   query: null,
239 verbose parsed url   pathname: 'mime@~1.2.7',
239 verbose parsed url   path: 'mime@~1.2.7',
239 verbose parsed url   href: 'mime@~1.2.7' }
240 verbose cache add [ 'mkdirp@~0.3.4', null ]
241 verbose cache add name=undefined spec="mkdirp@~0.3.4" args=["mkdirp@~0.3.4",null]
242 verbose parsed url { protocol: null,
242 verbose parsed url   slashes: null,
242 verbose parsed url   auth: null,
242 verbose parsed url   host: null,
242 verbose parsed url   port: null,
242 verbose parsed url   hostname: null,
242 verbose parsed url   hash: null,
242 verbose parsed url   search: null,
242 verbose parsed url   query: null,
242 verbose parsed url   pathname: 'mkdirp@~0.3.4',
242 verbose parsed url   path: 'mkdirp@~0.3.4',
242 verbose parsed url   href: 'mkdirp@~0.3.4' }
243 verbose cache add [ 'underscore@~1.4.2', null ]
244 verbose cache add name=undefined spec="underscore@~1.4.2" args=["underscore@~1.4.2",null]
245 verbose parsed url { protocol: null,
245 verbose parsed url   slashes: null,
245 verbose parsed url   auth: null,
245 verbose parsed url   host: null,
245 verbose parsed url   port: null,
245 verbose parsed url   hostname: null,
245 verbose parsed url   hash: null,
245 verbose parsed url   search: null,
245 verbose parsed url   query: null,
245 verbose parsed url   pathname: 'underscore@~1.4.2',
245 verbose parsed url   path: 'underscore@~1.4.2',
245 verbose parsed url   href: 'underscore@~1.4.2' }
246 verbose cache add [ 'send@0.1.0', null ]
247 verbose cache add name=undefined spec="send@0.1.0" args=["send@0.1.0",null]
248 verbose parsed url { protocol: null,
248 verbose parsed url   slashes: null,
248 verbose parsed url   auth: null,
248 verbose parsed url   host: null,
248 verbose parsed url   port: null,
248 verbose parsed url   hostname: null,
248 verbose parsed url   hash: null,
248 verbose parsed url   search: null,
248 verbose parsed url   query: null,
248 verbose parsed url   pathname: 'send@0.1.0',
248 verbose parsed url   path: 'send@0.1.0',
248 verbose parsed url   href: 'send@0.1.0' }
249 silly addNameRange { name: 'iconv-lite',
249 silly addNameRange   range: '>=0.2.5-0 <0.3.0-0',
249 silly addNameRange   hasData: false }
250 verbose cache add name="mime" spec="~1.2.7" args=["mime","~1.2.7"]
251 verbose parsed url { protocol: null,
251 verbose parsed url   slashes: null,
251 verbose parsed url   auth: null,
251 verbose parsed url   host: null,
251 verbose parsed url   port: null,
251 verbose parsed url   hostname: null,
251 verbose parsed url   hash: null,
251 verbose parsed url   search: null,
251 verbose parsed url   query: null,
251 verbose parsed url   pathname: '~1.2.7',
251 verbose parsed url   path: '~1.2.7',
251 verbose parsed url   href: '~1.2.7' }
252 verbose addNamed [ 'mime', '~1.2.7' ]
253 verbose addNamed [ null, '>=1.2.7-0 <1.3.0-0' ]
254 silly lockFile 3725bc70-mime-1-2-7 mime@~1.2.7
255 verbose lock mime@~1.2.7 /Users/admin/.npm/3725bc70-mime-1-2-7.lock
256 verbose cache add name="mkdirp" spec="~0.3.4" args=["mkdirp","~0.3.4"]
257 verbose parsed url { protocol: null,
257 verbose parsed url   slashes: null,
257 verbose parsed url   auth: null,
257 verbose parsed url   host: null,
257 verbose parsed url   port: null,
257 verbose parsed url   hostname: null,
257 verbose parsed url   hash: null,
257 verbose parsed url   search: null,
257 verbose parsed url   query: null,
257 verbose parsed url   pathname: '~0.3.4',
257 verbose parsed url   path: '~0.3.4',
257 verbose parsed url   href: '~0.3.4' }
258 verbose addNamed [ 'mkdirp', '~0.3.4' ]
259 verbose addNamed [ null, '>=0.3.4-0 <0.4.0-0' ]
260 silly lockFile f185e6bf-mkdirp-0-3-4 mkdirp@~0.3.4
261 verbose lock mkdirp@~0.3.4 /Users/admin/.npm/f185e6bf-mkdirp-0-3-4.lock
262 verbose cache add name="underscore" spec="~1.4.2" args=["underscore","~1.4.2"]
263 verbose parsed url { protocol: null,
263 verbose parsed url   slashes: null,
263 verbose parsed url   auth: null,
263 verbose parsed url   host: null,
263 verbose parsed url   port: null,
263 verbose parsed url   hostname: null,
263 verbose parsed url   hash: null,
263 verbose parsed url   search: null,
263 verbose parsed url   query: null,
263 verbose parsed url   pathname: '~1.4.2',
263 verbose parsed url   path: '~1.4.2',
263 verbose parsed url   href: '~1.4.2' }
264 verbose addNamed [ 'underscore', '~1.4.2' ]
265 verbose addNamed [ null, '>=1.4.2-0 <1.5.0-0' ]
266 silly lockFile 0234e20e-underscore-1-4-2 underscore@~1.4.2
267 verbose lock underscore@~1.4.2 /Users/admin/.npm/0234e20e-underscore-1-4-2.lock
268 verbose cache add name="send" spec="0.1.0" args=["send","0.1.0"]
269 verbose parsed url { protocol: null,
269 verbose parsed url   slashes: null,
269 verbose parsed url   auth: null,
269 verbose parsed url   host: null,
269 verbose parsed url   port: null,
269 verbose parsed url   hostname: null,
269 verbose parsed url   hash: null,
269 verbose parsed url   search: null,
269 verbose parsed url   query: null,
269 verbose parsed url   pathname: '0.1.0',
269 verbose parsed url   path: '0.1.0',
269 verbose parsed url   href: '0.1.0' }
270 verbose addNamed [ 'send', '0.1.0' ]
271 verbose addNamed [ '0.1.0', '0.1.0' ]
272 silly lockFile ef2886cd-send-0-1-0 send@0.1.0
273 verbose lock send@0.1.0 /Users/admin/.npm/ef2886cd-send-0-1-0.lock
274 verbose cache add [ 'less@1.6.0', null ]
275 verbose cache add name=undefined spec="less@1.6.0" args=["less@1.6.0",null]
276 verbose parsed url { protocol: null,
276 verbose parsed url   slashes: null,
276 verbose parsed url   auth: null,
276 verbose parsed url   host: null,
276 verbose parsed url   port: null,
276 verbose parsed url   hostname: null,
276 verbose parsed url   hash: null,
276 verbose parsed url   search: null,
276 verbose parsed url   query: null,
276 verbose parsed url   pathname: 'less@1.6.0',
276 verbose parsed url   path: 'less@1.6.0',
276 verbose parsed url   href: 'less@1.6.0' }
277 verbose cache add [ 'civet@1.2.17', null ]
278 verbose cache add name=undefined spec="civet@1.2.17" args=["civet@1.2.17",null]
279 verbose parsed url { protocol: null,
279 verbose parsed url   slashes: null,
279 verbose parsed url   auth: null,
279 verbose parsed url   host: null,
279 verbose parsed url   port: null,
279 verbose parsed url   hostname: null,
279 verbose parsed url   hash: null,
279 verbose parsed url   search: null,
279 verbose parsed url   query: null,
279 verbose parsed url   pathname: 'civet@1.2.17',
279 verbose parsed url   path: 'civet@1.2.17',
279 verbose parsed url   href: 'civet@1.2.17' }
280 verbose cache add [ 'doji@~0.1.0', null ]
281 verbose cache add name=undefined spec="doji@~0.1.0" args=["doji@~0.1.0",null]
282 verbose parsed url { protocol: null,
282 verbose parsed url   slashes: null,
282 verbose parsed url   auth: null,
282 verbose parsed url   host: null,
282 verbose parsed url   port: null,
282 verbose parsed url   hostname: null,
282 verbose parsed url   hash: null,
282 verbose parsed url   search: null,
282 verbose parsed url   query: null,
282 verbose parsed url   pathname: 'doji@~0.1.0',
282 verbose parsed url   path: 'doji@~0.1.0',
282 verbose parsed url   href: 'doji@~0.1.0' }
283 verbose cache add [ 'condenser@~0.0.15', null ]
284 verbose cache add name=undefined spec="condenser@~0.0.15" args=["condenser@~0.0.15",null]
285 verbose parsed url { protocol: null,
285 verbose parsed url   slashes: null,
285 verbose parsed url   auth: null,
285 verbose parsed url   host: null,
285 verbose parsed url   port: null,
285 verbose parsed url   hostname: null,
285 verbose parsed url   hash: null,
285 verbose parsed url   search: null,
285 verbose parsed url   query: null,
285 verbose parsed url   pathname: 'condenser@~0.0.15',
285 verbose parsed url   path: 'condenser@~0.0.15',
285 verbose parsed url   href: 'condenser@~0.0.15' }
286 silly addNameRange { name: 'is-utf8', range: '>=0.2.0-0 <0.3.0-0', hasData: false }
287 silly addNameRange { name: 'joinbuffers',
287 silly addNameRange   range: '>=0.1.1-0 <0.2.0-0',
287 silly addNameRange   hasData: false }
288 silly addNameRange { name: 'juicer',
288 silly addNameRange   range: '>=0.6.4-stable <0.7.0-0',
288 silly addNameRange   hasData: false }
289 verbose cache add name="less" spec="1.6.0" args=["less","1.6.0"]
290 verbose parsed url { protocol: null,
290 verbose parsed url   slashes: null,
290 verbose parsed url   auth: null,
290 verbose parsed url   host: null,
290 verbose parsed url   port: null,
290 verbose parsed url   hostname: null,
290 verbose parsed url   hash: null,
290 verbose parsed url   search: null,
290 verbose parsed url   query: null,
290 verbose parsed url   pathname: '1.6.0',
290 verbose parsed url   path: '1.6.0',
290 verbose parsed url   href: '1.6.0' }
291 verbose addNamed [ 'less', '1.6.0' ]
292 verbose addNamed [ '1.6.0', '1.6.0' ]
293 silly lockFile ca7dd1d0-less-1-6-0 less@1.6.0
294 verbose lock less@1.6.0 /Users/admin/.npm/ca7dd1d0-less-1-6-0.lock
295 verbose cache add name="civet" spec="1.2.17" args=["civet","1.2.17"]
296 verbose parsed url { protocol: null,
296 verbose parsed url   slashes: null,
296 verbose parsed url   auth: null,
296 verbose parsed url   host: null,
296 verbose parsed url   port: null,
296 verbose parsed url   hostname: null,
296 verbose parsed url   hash: null,
296 verbose parsed url   search: null,
296 verbose parsed url   query: null,
296 verbose parsed url   pathname: '1.2.17',
296 verbose parsed url   path: '1.2.17',
296 verbose parsed url   href: '1.2.17' }
297 verbose addNamed [ 'civet', '1.2.17' ]
298 verbose addNamed [ '1.2.17', '1.2.17' ]
299 silly lockFile ebdca51e-civet-1-2-17 civet@1.2.17
300 verbose lock civet@1.2.17 /Users/admin/.npm/ebdca51e-civet-1-2-17.lock
301 verbose cache add name="doji" spec="~0.1.0" args=["doji","~0.1.0"]
302 verbose parsed url { protocol: null,
302 verbose parsed url   slashes: null,
302 verbose parsed url   auth: null,
302 verbose parsed url   host: null,
302 verbose parsed url   port: null,
302 verbose parsed url   hostname: null,
302 verbose parsed url   hash: null,
302 verbose parsed url   search: null,
302 verbose parsed url   query: null,
302 verbose parsed url   pathname: '~0.1.0',
302 verbose parsed url   path: '~0.1.0',
302 verbose parsed url   href: '~0.1.0' }
303 verbose addNamed [ 'doji', '~0.1.0' ]
304 verbose addNamed [ null, '>=0.1.0-0 <0.2.0-0' ]
305 silly lockFile 774c80e8-doji-0-1-0 doji@~0.1.0
306 verbose lock doji@~0.1.0 /Users/admin/.npm/774c80e8-doji-0-1-0.lock
307 verbose cache add name="condenser" spec="~0.0.15" args=["condenser","~0.0.15"]
308 verbose parsed url { protocol: null,
308 verbose parsed url   slashes: null,
308 verbose parsed url   auth: null,
308 verbose parsed url   host: null,
308 verbose parsed url   port: null,
308 verbose parsed url   hostname: null,
308 verbose parsed url   hash: null,
308 verbose parsed url   search: null,
308 verbose parsed url   query: null,
308 verbose parsed url   pathname: '~0.0.15',
308 verbose parsed url   path: '~0.0.15',
308 verbose parsed url   href: '~0.0.15' }
309 verbose addNamed [ 'condenser', '~0.0.15' ]
310 verbose addNamed [ null, '>=0.0.15-0 <0.1.0-0' ]
311 silly lockFile 3d29b196-condenser-0-0-15 condenser@~0.0.15
312 verbose lock condenser@~0.0.15 /Users/admin/.npm/3d29b196-condenser-0-0-15.lock
313 verbose url raw commander
314 verbose url resolving [ 'https://registry.npmjs.org/', './commander' ]
315 verbose url resolved https://registry.npmjs.org/commander
316 info trying registry request attempt 1 at 17:11:33
317 verbose etag "80TWCRDG30TEIOWOFWRI4Z1ZF"
318 http GET https://registry.npmjs.org/commander
319 verbose url raw connect
320 verbose url resolving [ 'https://registry.npmjs.org/', './connect' ]
321 verbose url resolved https://registry.npmjs.org/connect
322 info trying registry request attempt 1 at 17:11:33
323 verbose etag "58M4Q86AQZJKRN47IQ778DZH6"
324 http GET https://registry.npmjs.org/connect
325 silly addNameRange { name: 'mime', range: '>=1.2.7-0 <1.3.0-0', hasData: false }
326 silly addNameRange { name: 'mkdirp', range: '>=0.3.4-0 <0.4.0-0', hasData: false }
327 silly addNameRange { name: 'underscore',
327 silly addNameRange   range: '>=1.4.2-0 <1.5.0-0',
327 silly addNameRange   hasData: false }
328 verbose url raw cpr
329 verbose url resolving [ 'https://registry.npmjs.org/', './cpr' ]
330 verbose url resolved https://registry.npmjs.org/cpr
331 info trying registry request attempt 1 at 17:11:33
332 verbose etag "DR7UO6R7T291VUWN3ADGI252V"
333 http GET https://registry.npmjs.org/cpr
334 verbose url raw debug
335 verbose url resolving [ 'https://registry.npmjs.org/', './debug' ]
336 verbose url resolved https://registry.npmjs.org/debug
337 info trying registry request attempt 1 at 17:11:33
338 verbose etag "A99WHPT94RD1HIGY4BNMUSPWP"
339 http GET https://registry.npmjs.org/debug
340 silly addNameRange { name: 'doji', range: '>=0.1.0-0 <0.2.0-0', hasData: false }
341 silly addNameRange { name: 'condenser',
341 silly addNameRange   range: '>=0.0.15-0 <0.1.0-0',
341 silly addNameRange   hasData: false }
342 verbose url raw flex-combo
343 verbose url resolving [ 'https://registry.npmjs.org/', './flex-combo' ]
344 verbose url resolved https://registry.npmjs.org/flex-combo
345 info trying registry request attempt 1 at 17:11:33
346 verbose etag "90LTAKBJ8FKTWCMUX1MMOVCW4"
347 http GET https://registry.npmjs.org/flex-combo
348 verbose url raw iconv-lite
349 verbose url resolving [ 'https://registry.npmjs.org/', './iconv-lite' ]
350 verbose url resolved https://registry.npmjs.org/iconv-lite
351 info trying registry request attempt 1 at 17:11:33
352 verbose etag "6E3LG0Z5EWM2M0Z6EXWVI2QJ5"
353 http GET https://registry.npmjs.org/iconv-lite
354 verbose url raw is-utf8
355 verbose url resolving [ 'https://registry.npmjs.org/', './is-utf8' ]
356 verbose url resolved https://registry.npmjs.org/is-utf8
357 info trying registry request attempt 1 at 17:11:33
358 verbose etag "1EAMYE3G9IDAWX2045EVTE6MJ"
359 http GET https://registry.npmjs.org/is-utf8
360 verbose url raw joinbuffers
361 verbose url resolving [ 'https://registry.npmjs.org/', './joinbuffers' ]
362 verbose url resolved https://registry.npmjs.org/joinbuffers
363 info trying registry request attempt 1 at 17:11:33
364 verbose etag "9VUOH2PH3LQWKSFCCI57DS6IC"
365 http GET https://registry.npmjs.org/joinbuffers
366 verbose url raw juicer
367 verbose url resolving [ 'https://registry.npmjs.org/', './juicer' ]
368 verbose url resolved https://registry.npmjs.org/juicer
369 info trying registry request attempt 1 at 17:11:33
370 verbose etag "C9UKZ2YCF7AO7779Q8K21LEJF"
371 http GET https://registry.npmjs.org/juicer
372 verbose url raw mime
373 verbose url resolving [ 'https://registry.npmjs.org/', './mime' ]
374 verbose url resolved https://registry.npmjs.org/mime
375 info trying registry request attempt 1 at 17:11:33
376 verbose etag "C2DX60G6JMEUYJ5310S13ANU6"
377 http GET https://registry.npmjs.org/mime
378 verbose url raw mkdirp
379 verbose url resolving [ 'https://registry.npmjs.org/', './mkdirp' ]
380 verbose url resolved https://registry.npmjs.org/mkdirp
381 info trying registry request attempt 1 at 17:11:33
382 verbose etag "5FARIAAE0490H7WN5U9SWG9X0"
383 http GET https://registry.npmjs.org/mkdirp
384 verbose url raw underscore
385 verbose url resolving [ 'https://registry.npmjs.org/', './underscore' ]
386 verbose url resolved https://registry.npmjs.org/underscore
387 info trying registry request attempt 1 at 17:11:33
388 verbose etag "2U44AFGZ72YJCS40746LOTH0T"
389 http GET https://registry.npmjs.org/underscore
390 verbose url raw send
391 verbose url resolving [ 'https://registry.npmjs.org/', './send' ]
392 verbose url resolved https://registry.npmjs.org/send
393 info trying registry request attempt 1 at 17:11:33
394 verbose etag "B821TQ51P0ANP3TVGVQAXBT8H"
395 http GET https://registry.npmjs.org/send
396 verbose url raw less
397 verbose url resolving [ 'https://registry.npmjs.org/', './less' ]
398 verbose url resolved https://registry.npmjs.org/less
399 info trying registry request attempt 1 at 17:11:33
400 verbose etag "BVYJESOSNGMGZABCHM0YIQELC"
401 http GET https://registry.npmjs.org/less
402 verbose url raw civet
403 verbose url resolving [ 'https://registry.npmjs.org/', './civet' ]
404 verbose url resolved https://registry.npmjs.org/civet
405 info trying registry request attempt 1 at 17:11:33
406 verbose etag "90PV6LVYTBG9BHJFUGX9K7RSV"
407 http GET https://registry.npmjs.org/civet
408 verbose url raw condenser
409 verbose url resolving [ 'https://registry.npmjs.org/', './condenser' ]
410 verbose url resolved https://registry.npmjs.org/condenser
411 info trying registry request attempt 1 at 17:11:33
412 verbose etag "MI0XQYHHVCXZ20U35DW2897B"
413 http GET https://registry.npmjs.org/condenser
414 verbose url raw doji
415 verbose url resolving [ 'https://registry.npmjs.org/', './doji' ]
416 verbose url resolved https://registry.npmjs.org/doji
417 info trying registry request attempt 1 at 17:11:33
418 verbose etag "C2O17F3QBX1EHPIC9XA97L9PV"
419 http GET https://registry.npmjs.org/doji
420 http 304 https://registry.npmjs.org/commander
421 silly registry.get cb [ 304,
421 silly registry.get   { date: 'Thu, 17 Jul 2014 09:11:34 GMT',
421 silly registry.get     server: 'Apache',
421 silly registry.get     via: '1.1 varnish',
421 silly registry.get     'last-modified': 'Thu, 17 Jul 2014 09:11:11 GMT',
421 silly registry.get     'cache-control': 'max-age=30',
421 silly registry.get     etag: '"80TWCRDG30TEIOWOFWRI4Z1ZF"',
421 silly registry.get     'x-served-by': 'cache-ty67-TYO',
421 silly registry.get     'x-cache': 'HIT',
421 silly registry.get     'x-cache-hits': '4',
421 silly registry.get     'x-timer': 'S1405588294.011447,VS0,VE0',
421 silly registry.get     vary: 'Accept',
421 silly registry.get     'content-length': '0',
421 silly registry.get     'keep-alive': 'timeout=10, max=50',
421 silly registry.get     connection: 'Keep-Alive' } ]
422 verbose etag commander from cache
423 silly addNameRange number 2 { name: 'commander', range: '>=1.0.5-0 <1.1.0-0', hasData: true }
424 silly addNameRange versions [ 'commander',
424 silly addNameRange   [ '0.0.1',
424 silly addNameRange     '0.0.3',
424 silly addNameRange     '0.0.4',
424 silly addNameRange     '0.0.5',
424 silly addNameRange     '0.1.0',
424 silly addNameRange     '0.2.0',
424 silly addNameRange     '0.2.1',
424 silly addNameRange     '0.3.0',
424 silly addNameRange     '0.3.1',
424 silly addNameRange     '0.3.2',
424 silly addNameRange     '0.3.3',
424 silly addNameRange     '0.4.0',
424 silly addNameRange     '0.4.1',
424 silly addNameRange     '0.4.2',
424 silly addNameRange     '0.4.3',
424 silly addNameRange     '0.5.0',
424 silly addNameRange     '0.5.1',
424 silly addNameRange     '0.6.0',
424 silly addNameRange     '0.6.1',
424 silly addNameRange     '0.5.2',
424 silly addNameRange     '1.0.0',
424 silly addNameRange     '1.0.1',
424 silly addNameRange     '1.0.2',
424 silly addNameRange     '1.0.3',
424 silly addNameRange     '1.0.4',
424 silly addNameRange     '1.0.5',
424 silly addNameRange     '1.1.0',
424 silly addNameRange     '1.1.1',
424 silly addNameRange     '1.2.0',
424 silly addNameRange     '1.3.0',
424 silly addNameRange     '1.3.1',
424 silly addNameRange     '1.3.2',
424 silly addNameRange     '2.0.0',
424 silly addNameRange     '2.1.0',
424 silly addNameRange     '2.2.0',
424 silly addNameRange     '2.3.0' ] ]
425 verbose addNamed [ 'commander', '1.0.5' ]
426 verbose addNamed [ '1.0.5', '1.0.5' ]
427 silly lockFile c1db8845-commander-1-0-5 commander@1.0.5
428 verbose lock commander@1.0.5 /Users/admin/.npm/c1db8845-commander-1-0-5.lock
429 silly lockFile c1db8845-commander-1-0-5 commander@1.0.5
430 silly lockFile c1db8845-commander-1-0-5 commander@1.0.5
431 silly lockFile c5f7a27c-commander-1-0-5 commander@~1.0.5
432 silly lockFile c5f7a27c-commander-1-0-5 commander@~1.0.5
433 http 304 https://registry.npmjs.org/flex-combo
434 silly registry.get cb [ 304,
434 silly registry.get   { date: 'Thu, 17 Jul 2014 09:11:34 GMT',
434 silly registry.get     server: 'Apache',
434 silly registry.get     via: '1.1 varnish',
434 silly registry.get     'last-modified': 'Thu, 17 Jul 2014 09:11:12 GMT',
434 silly registry.get     'cache-control': 'max-age=30',
434 silly registry.get     etag: '"90LTAKBJ8FKTWCMUX1MMOVCW4"',
434 silly registry.get     'x-served-by': 'cache-ty68-TYO',
434 silly registry.get     'x-cache': 'HIT',
434 silly registry.get     'x-cache-hits': '1',
434 silly registry.get     'x-timer': 'S1405588294.019135,VS0,VE0',
434 silly registry.get     vary: 'Accept',
434 silly registry.get     'content-length': '0',
434 silly registry.get     'keep-alive': 'timeout=10, max=50',
434 silly registry.get     connection: 'Keep-Alive' } ]
435 verbose etag flex-combo from cache
436 silly addNameRange number 2 { name: 'flex-combo',
436 silly addNameRange   range: '>=0.5.1-0 <0.6.0-0',
436 silly addNameRange   hasData: true }
437 silly addNameRange versions [ 'flex-combo',
437 silly addNameRange   [ '0.1.0',
437 silly addNameRange     '0.1.1',
437 silly addNameRange     '0.1.2',
437 silly addNameRange     '0.1.3',
437 silly addNameRange     '0.1.4',
437 silly addNameRange     '0.1.5',
437 silly addNameRange     '0.1.6',
437 silly addNameRange     '0.1.7',
437 silly addNameRange     '0.1.8',
437 silly addNameRange     '0.1.9',
437 silly addNameRange     '0.2.0',
437 silly addNameRange     '0.2.1',
437 silly addNameRange     '0.2.2',
437 silly addNameRange     '0.2.3',
437 silly addNameRange     '0.2.4',
437 silly addNameRange     '0.2.5',
437 silly addNameRange     '0.2.6',
437 silly addNameRange     '0.2.7',
437 silly addNameRange     '0.2.8',
437 silly addNameRange     '0.2.9',
437 silly addNameRange     '0.3.0',
437 silly addNameRange     '0.3.1',
437 silly addNameRange     '0.3.2',
437 silly addNameRange     '0.3.3',
437 silly addNameRange     '0.3.4',
437 silly addNameRange     '0.3.5',
437 silly addNameRange     '0.3.6',
437 silly addNameRange     '0.3.7',
437 silly addNameRange     '0.3.8',
437 silly addNameRange     '0.3.9',
437 silly addNameRange     '0.4.0',
437 silly addNameRange     '0.4.1',
437 silly addNameRange     '0.4.2',
437 silly addNameRange     '0.4.3',
437 silly addNameRange     '0.4.4',
437 silly addNameRange     '0.4.5',
437 silly addNameRange     '0.4.6',
437 silly addNameRange     '0.4.7',
437 silly addNameRange     '0.4.8',
437 silly addNameRange     '0.5.0',
437 silly addNameRange     '0.5.1',
437 silly addNameRange     '0.5.2',
437 silly addNameRange     '0.5.3',
437 silly addNameRange     '0.5.4',
437 silly addNameRange     '0.5.5',
437 silly addNameRange     '0.5.6',
437 silly addNameRange     '0.5.7',
437 silly addNameRange     '0.5.8',
437 silly addNameRange     '0.5.9' ] ]
438 verbose addNamed [ 'flex-combo', '0.5.9' ]
439 verbose addNamed [ '0.5.9', '0.5.9' ]
440 silly lockFile 0a8a9d40-flex-combo-0-5-9 flex-combo@0.5.9
441 verbose lock flex-combo@0.5.9 /Users/admin/.npm/0a8a9d40-flex-combo-0-5-9.lock
442 silly lockFile 0a8a9d40-flex-combo-0-5-9 flex-combo@0.5.9
443 silly lockFile 0a8a9d40-flex-combo-0-5-9 flex-combo@0.5.9
444 silly lockFile f9df73ab-flex-combo-0-5-1 flex-combo@~0.5.1
445 silly lockFile f9df73ab-flex-combo-0-5-1 flex-combo@~0.5.1
446 http 304 https://registry.npmjs.org/iconv-lite
447 silly registry.get cb [ 304,
447 silly registry.get   { date: 'Thu, 17 Jul 2014 09:11:34 GMT',
447 silly registry.get     server: 'Apache',
447 silly registry.get     via: '1.1 varnish',
447 silly registry.get     'last-modified': 'Thu, 17 Jul 2014 09:11:34 GMT',
447 silly registry.get     'cache-control': 'max-age=30',
447 silly registry.get     etag: '"6E3LG0Z5EWM2M0Z6EXWVI2QJ5"',
447 silly registry.get     'x-served-by': 'cache-ty67-TYO',
447 silly registry.get     'x-cache': 'HIT',
447 silly registry.get     'x-cache-hits': '1',
447 silly registry.get     'x-timer': 'S1405588294.051743,VS0,VE0',
447 silly registry.get     vary: 'Accept',
447 silly registry.get     'content-length': '0',
447 silly registry.get     'keep-alive': 'timeout=10, max=49',
447 silly registry.get     connection: 'Keep-Alive' } ]
448 verbose etag iconv-lite from cache
449 silly addNameRange number 2 { name: 'iconv-lite',
449 silly addNameRange   range: '>=0.2.5-0 <0.3.0-0',
449 silly addNameRange   hasData: true }
450 silly addNameRange versions [ 'iconv-lite',
450 silly addNameRange   [ '0.1.0',
450 silly addNameRange     '0.1.1',
450 silly addNameRange     '0.1.2',
450 silly addNameRange     '0.1.3',
450 silly addNameRange     '0.1.4',
450 silly addNameRange     '0.2.0',
450 silly addNameRange     '0.2.1',
450 silly addNameRange     '0.2.3',
450 silly addNameRange     '0.2.4',
450 silly addNameRange     '0.2.5',
450 silly addNameRange     '0.2.6',
450 silly addNameRange     '0.2.7',
450 silly addNameRange     '0.2.8',
450 silly addNameRange     '0.2.9',
450 silly addNameRange     '0.2.10',
450 silly addNameRange     '0.2.11',
450 silly addNameRange     '0.4.0-pre',
450 silly addNameRange     '0.4.0-pre2',
450 silly addNameRange     '0.4.0-pre3',
450 silly addNameRange     '0.4.0',
450 silly addNameRange     '0.4.1',
450 silly addNameRange     '0.4.2',
450 silly addNameRange     '0.4.3',
450 silly addNameRange     '0.4.4' ] ]
451 verbose addNamed [ 'iconv-lite', '0.2.11' ]
452 verbose addNamed [ '0.2.11', '0.2.11' ]
453 silly lockFile 5d877021-iconv-lite-0-2-11 iconv-lite@0.2.11
454 verbose lock iconv-lite@0.2.11 /Users/admin/.npm/5d877021-iconv-lite-0-2-11.lock
455 silly lockFile 5d877021-iconv-lite-0-2-11 iconv-lite@0.2.11
456 silly lockFile 5d877021-iconv-lite-0-2-11 iconv-lite@0.2.11
457 silly lockFile ca9efaa1-iconv-lite-0-2-5 iconv-lite@~0.2.5
458 silly lockFile ca9efaa1-iconv-lite-0-2-5 iconv-lite@~0.2.5
459 http 304 https://registry.npmjs.org/is-utf8
460 silly registry.get cb [ 304,
460 silly registry.get   { date: 'Thu, 17 Jul 2014 09:11:34 GMT',
460 silly registry.get     server: 'Apache',
460 silly registry.get     via: '1.1 varnish',
460 silly registry.get     'last-modified': 'Thu, 17 Jul 2014 09:11:34 GMT',
460 silly registry.get     'cache-control': 'max-age=30',
460 silly registry.get     etag: '"1EAMYE3G9IDAWX2045EVTE6MJ"',
460 silly registry.get     'x-served-by': 'cache-ty68-TYO',
460 silly registry.get     'x-cache': 'HIT',
460 silly registry.get     'x-cache-hits': '1',
460 silly registry.get     'x-timer': 'S1405588294.060229,VS0,VE0',
460 silly registry.get     vary: 'Accept',
460 silly registry.get     'content-length': '0',
460 silly registry.get     'keep-alive': 'timeout=10, max=49',
460 silly registry.get     connection: 'Keep-Alive' } ]
461 verbose etag is-utf8 from cache
462 silly addNameRange number 2 { name: 'is-utf8', range: '>=0.2.0-0 <0.3.0-0', hasData: true }
463 silly addNameRange versions [ 'is-utf8', [ '0.1.0', '0.2.0' ] ]
464 verbose addNamed [ 'is-utf8', '0.2.0' ]
465 verbose addNamed [ '0.2.0', '0.2.0' ]
466 silly lockFile c203df17-is-utf8-0-2-0 is-utf8@0.2.0
467 verbose lock is-utf8@0.2.0 /Users/admin/.npm/c203df17-is-utf8-0-2-0.lock
468 silly lockFile c203df17-is-utf8-0-2-0 is-utf8@0.2.0
469 silly lockFile c203df17-is-utf8-0-2-0 is-utf8@0.2.0
470 silly lockFile bf200a2b-is-utf8-0-2-0 is-utf8@~0.2.0
471 silly lockFile bf200a2b-is-utf8-0-2-0 is-utf8@~0.2.0
472 http 304 https://registry.npmjs.org/joinbuffers
473 silly registry.get cb [ 304,
473 silly registry.get   { date: 'Thu, 17 Jul 2014 09:11:34 GMT',
473 silly registry.get     server: 'Apache',
473 silly registry.get     via: '1.1 varnish',
473 silly registry.get     'last-modified': 'Thu, 17 Jul 2014 09:11:34 GMT',
473 silly registry.get     'cache-control': 'max-age=30',
473 silly registry.get     etag: '"9VUOH2PH3LQWKSFCCI57DS6IC"',
473 silly registry.get     'x-served-by': 'cache-ty67-TYO',
473 silly registry.get     'x-cache': 'HIT',
473 silly registry.get     'x-cache-hits': '1',
473 silly registry.get     'x-timer': 'S1405588294.090299,VS0,VE0',
473 silly registry.get     vary: 'Accept',
473 silly registry.get     'content-length': '0',
473 silly registry.get     'keep-alive': 'timeout=10, max=48',
473 silly registry.get     connection: 'Keep-Alive' } ]
474 verbose etag joinbuffers from cache
475 silly addNameRange number 2 { name: 'joinbuffers',
475 silly addNameRange   range: '>=0.1.1-0 <0.2.0-0',
475 silly addNameRange   hasData: true }
476 silly addNameRange versions [ 'joinbuffers', [ '0.1.0', '0.1.1' ] ]
477 verbose addNamed [ 'joinbuffers', '0.1.1' ]
478 verbose addNamed [ '0.1.1', '0.1.1' ]
479 silly lockFile e6a703c6-joinbuffers-0-1-1 joinbuffers@0.1.1
480 verbose lock joinbuffers@0.1.1 /Users/admin/.npm/e6a703c6-joinbuffers-0-1-1.lock
481 silly lockFile e6a703c6-joinbuffers-0-1-1 joinbuffers@0.1.1
482 silly lockFile e6a703c6-joinbuffers-0-1-1 joinbuffers@0.1.1
483 silly lockFile 77a36378-joinbuffers-0-1-1 joinbuffers@~0.1.1
484 silly lockFile 77a36378-joinbuffers-0-1-1 joinbuffers@~0.1.1
485 http 304 https://registry.npmjs.org/juicer
486 silly registry.get cb [ 304,
486 silly registry.get   { date: 'Thu, 17 Jul 2014 09:11:34 GMT',
486 silly registry.get     server: 'Apache',
486 silly registry.get     via: '1.1 varnish',
486 silly registry.get     'last-modified': 'Thu, 17 Jul 2014 09:11:12 GMT',
486 silly registry.get     'cache-control': 'max-age=30',
486 silly registry.get     etag: '"C9UKZ2YCF7AO7779Q8K21LEJF"',
486 silly registry.get     'x-served-by': 'cache-ty68-TYO',
486 silly registry.get     'x-cache': 'HIT',
486 silly registry.get     'x-cache-hits': '2',
486 silly registry.get     'x-timer': 'S1405588294.097867,VS0,VE0',
486 silly registry.get     vary: 'Accept',
486 silly registry.get     'content-length': '0',
486 silly registry.get     'keep-alive': 'timeout=10, max=48',
486 silly registry.get     connection: 'Keep-Alive' } ]
487 verbose etag juicer from cache
488 silly addNameRange number 2 { name: 'juicer',
488 silly addNameRange   range: '>=0.6.4-stable <0.7.0-0',
488 silly addNameRange   hasData: true }
489 silly addNameRange versions [ 'juicer',
489 silly addNameRange   [ '0.2.2',
489 silly addNameRange     '0.4.0-dev',
489 silly addNameRange     '0.5.0-pre',
489 silly addNameRange     '0.5.0-stable',
489 silly addNameRange     '0.5.1-stable',
489 silly addNameRange     '0.5.4-stable',
489 silly addNameRange     '0.5.5-stable',
489 silly addNameRange     '0.5.6-stable',
489 silly addNameRange     '0.5.7-stable',
489 silly addNameRange     '0.5.8-stable',
489 silly addNameRange     '0.6.0-stable',
489 silly addNameRange     '0.6.1-stable',
489 silly addNameRange     '0.6.2-stable',
489 silly addNameRange     '0.6.3-stable',
489 silly addNameRange     '0.6.4-stable',
489 silly addNameRange     '0.6.5-stable',
489 silly addNameRange     '0.6.5-stable-p1',
489 silly addNameRange     '0.6.5-stable-p2' ] ]
490 verbose addNamed [ 'juicer', '0.6.5-stable-p2' ]
491 verbose addNamed [ '0.6.5-stable-p2', '0.6.5-stable-p2' ]
492 silly lockFile d979781b-juicer-0-6-5-stable-p2 juicer@0.6.5-stable-p2
493 verbose lock juicer@0.6.5-stable-p2 /Users/admin/.npm/d979781b-juicer-0-6-5-stable-p2.lock
494 silly lockFile d979781b-juicer-0-6-5-stable-p2 juicer@0.6.5-stable-p2
495 silly lockFile d979781b-juicer-0-6-5-stable-p2 juicer@0.6.5-stable-p2
496 silly lockFile f3292216-juicer-0-6-4-stable juicer@~0.6.4-stable
497 silly lockFile f3292216-juicer-0-6-4-stable juicer@~0.6.4-stable
498 http 304 https://registry.npmjs.org/debug
499 silly registry.get cb [ 304,
499 silly registry.get   { date: 'Thu, 17 Jul 2014 09:11:34 GMT',
499 silly registry.get     server: 'Apache',
499 silly registry.get     via: '1.1 varnish',
499 silly registry.get     'last-modified': 'Thu, 17 Jul 2014 09:11:07 GMT',
499 silly registry.get     'cache-control': 'max-age=30',
499 silly registry.get     etag: '"A99WHPT94RD1HIGY4BNMUSPWP"',
499 silly registry.get     'x-served-by': 'cache-ty68-TYO',
499 silly registry.get     'x-cache': 'HIT',
499 silly registry.get     'x-cache-hits': '6',
499 silly registry.get     'x-timer': 'S1405588294.145913,VS0,VE0',
499 silly registry.get     vary: 'Accept',
499 silly registry.get     'content-length': '0',
499 silly registry.get     'keep-alive': 'timeout=10, max=50',
499 silly registry.get     connection: 'Keep-Alive' } ]
500 verbose etag debug from cache
501 silly addNameRange number 2 { name: 'debug', range: '>=0.7.0-0 <0.8.0-0', hasData: true }
502 silly addNameRange versions [ 'debug',
502 silly addNameRange   [ '0.0.1',
502 silly addNameRange     '0.1.0',
502 silly addNameRange     '0.2.0',
502 silly addNameRange     '0.3.0',
502 silly addNameRange     '0.4.0',
502 silly addNameRange     '0.4.1',
502 silly addNameRange     '0.5.0',
502 silly addNameRange     '0.6.0',
502 silly addNameRange     '0.7.0',
502 silly addNameRange     '0.7.1',
502 silly addNameRange     '0.7.2',
502 silly addNameRange     '0.7.3',
502 silly addNameRange     '0.7.4',
502 silly addNameRange     '0.8.0',
502 silly addNameRange     '0.8.1',
502 silly addNameRange     '1.0.0',
502 silly addNameRange     '1.0.1',
502 silly addNameRange     '1.0.2',
502 silly addNameRange     '1.0.3',
502 silly addNameRange     '1.0.4' ] ]
503 verbose addNamed [ 'debug', '0.7.4' ]
504 verbose addNamed [ '0.7.4', '0.7.4' ]
505 silly lockFile 16160008-debug-0-7-4 debug@0.7.4
506 verbose lock debug@0.7.4 /Users/admin/.npm/16160008-debug-0-7-4.lock
507 silly lockFile 16160008-debug-0-7-4 debug@0.7.4
508 silly lockFile 16160008-debug-0-7-4 debug@0.7.4
509 silly lockFile 88a35dfc-debug-0-7-0 debug@~0.7.0
510 silly lockFile 88a35dfc-debug-0-7-0 debug@~0.7.0
511 http 304 https://registry.npmjs.org/cpr
512 silly registry.get cb [ 304,
512 silly registry.get   { date: 'Thu, 17 Jul 2014 09:11:34 GMT',
512 silly registry.get     server: 'Apache',
512 silly registry.get     via: '1.1 varnish',
512 silly registry.get     'last-modified': 'Thu, 17 Jul 2014 09:11:34 GMT',
512 silly registry.get     'cache-control': 'max-age=30',
512 silly registry.get     etag: '"DR7UO6R7T291VUWN3ADGI252V"',
512 silly registry.get     'x-served-by': 'cache-ty66-TYO',
512 silly registry.get     'x-cache': 'HIT',
512 silly registry.get     'x-cache-hits': '1',
512 silly registry.get     'x-timer': 'S1405588294.227651,VS0,VE0',
512 silly registry.get     vary: 'Accept',
512 silly registry.get     'content-length': '0',
512 silly registry.get     'keep-alive': 'timeout=10, max=50',
512 silly registry.get     connection: 'Keep-Alive' } ]
513 verbose etag cpr from cache
514 http 304 https://registry.npmjs.org/mkdirp
515 silly registry.get cb [ 304,
515 silly registry.get   { date: 'Thu, 17 Jul 2014 09:11:34 GMT',
515 silly registry.get     server: 'Apache',
515 silly registry.get     via: '1.1 varnish',
515 silly registry.get     'last-modified': 'Thu, 17 Jul 2014 09:11:34 GMT',
515 silly registry.get     'cache-control': 'max-age=30',
515 silly registry.get     etag: '"5FARIAAE0490H7WN5U9SWG9X0"',
515 silly registry.get     'x-served-by': 'cache-ty68-TYO',
515 silly registry.get     'x-cache': 'HIT',
515 silly registry.get     'x-cache-hits': '1',
515 silly registry.get     'x-timer': 'S1405588294.141038,VS0,VE125',
515 silly registry.get     vary: 'Accept',
515 silly registry.get     'content-length': '0',
515 silly registry.get     'keep-alive': 'timeout=10, max=47',
515 silly registry.get     connection: 'Keep-Alive' } ]
516 verbose etag mkdirp from cache
517 silly addNameRange number 2 { name: 'cpr', range: '>=0.1.1-0 <0.2.0-0', hasData: true }
518 silly addNameRange versions [ 'cpr',
518 silly addNameRange   [ '0.0.1',
518 silly addNameRange     '0.0.2',
518 silly addNameRange     '0.0.3',
518 silly addNameRange     '0.0.4',
518 silly addNameRange     '0.0.5',
518 silly addNameRange     '0.0.6',
518 silly addNameRange     '0.1.0',
518 silly addNameRange     '0.1.1',
518 silly addNameRange     '0.2.0',
518 silly addNameRange     '0.3.0',
518 silly addNameRange     '0.3.1',
518 silly addNameRange     '0.3.2' ] ]
519 verbose addNamed [ 'cpr', '0.1.1' ]
520 verbose addNamed [ '0.1.1', '0.1.1' ]
521 silly lockFile 303d8010-cpr-0-1-1 cpr@0.1.1
522 verbose lock cpr@0.1.1 /Users/admin/.npm/303d8010-cpr-0-1-1.lock
523 silly addNameRange number 2 { name: 'mkdirp', range: '>=0.3.4-0 <0.4.0-0', hasData: true }
524 silly addNameRange versions [ 'mkdirp',
524 silly addNameRange   [ '0.0.1',
524 silly addNameRange     '0.0.2',
524 silly addNameRange     '0.0.3',
524 silly addNameRange     '0.0.4',
524 silly addNameRange     '0.0.5',
524 silly addNameRange     '0.0.6',
524 silly addNameRange     '0.0.7',
524 silly addNameRange     '0.1.0',
524 silly addNameRange     '0.2.0',
524 silly addNameRange     '0.2.1',
524 silly addNameRange     '0.2.2',
524 silly addNameRange     '0.3.0',
524 silly addNameRange     '0.3.1',
524 silly addNameRange     '0.3.2',
524 silly addNameRange     '0.3.3',
524 silly addNameRange     '0.3.4',
524 silly addNameRange     '0.3.5',
524 silly addNameRange     '0.4.0',
524 silly addNameRange     '0.4.1',
524 silly addNameRange     '0.4.2',
524 silly addNameRange     '0.5.0' ] ]
525 verbose addNamed [ 'mkdirp', '0.3.5' ]
526 verbose addNamed [ '0.3.5', '0.3.5' ]
527 silly lockFile 67d2df2a-mkdirp-0-3-5 mkdirp@0.3.5
528 verbose lock mkdirp@0.3.5 /Users/admin/.npm/67d2df2a-mkdirp-0-3-5.lock
529 http 304 https://registry.npmjs.org/underscore
530 silly registry.get cb [ 304,
530 silly registry.get   { date: 'Thu, 17 Jul 2014 09:11:34 GMT',
530 silly registry.get     server: 'Apache',
530 silly registry.get     via: '1.1 varnish',
530 silly registry.get     'last-modified': 'Thu, 17 Jul 2014 09:11:34 GMT',
530 silly registry.get     'cache-control': 'max-age=30',
530 silly registry.get     etag: '"2U44AFGZ72YJCS40746LOTH0T"',
530 silly registry.get     'x-served-by': 'cache-ty68-TYO',
530 silly registry.get     'x-cache': 'HIT',
530 silly registry.get     'x-cache-hits': '1',
530 silly registry.get     'x-timer': 'S1405588294.236009,VS0,VE0',
530 silly registry.get     vary: 'Accept',
530 silly registry.get     'content-length': '0',
530 silly registry.get     'keep-alive': 'timeout=10, max=49',
530 silly registry.get     connection: 'Keep-Alive' } ]
531 verbose etag underscore from cache
532 silly lockFile 303d8010-cpr-0-1-1 cpr@0.1.1
533 silly lockFile 303d8010-cpr-0-1-1 cpr@0.1.1
534 silly lockFile 67d2df2a-mkdirp-0-3-5 mkdirp@0.3.5
535 silly lockFile 67d2df2a-mkdirp-0-3-5 mkdirp@0.3.5
536 silly lockFile 08d62278-cpr-0-1-1 cpr@~0.1.1
537 silly lockFile 08d62278-cpr-0-1-1 cpr@~0.1.1
538 silly lockFile f185e6bf-mkdirp-0-3-4 mkdirp@~0.3.4
539 silly lockFile f185e6bf-mkdirp-0-3-4 mkdirp@~0.3.4
540 silly addNameRange number 2 { name: 'underscore',
540 silly addNameRange   range: '>=1.4.2-0 <1.5.0-0',
540 silly addNameRange   hasData: true }
541 silly addNameRange versions [ 'underscore',
541 silly addNameRange   [ '1.0.3',
541 silly addNameRange     '1.0.4',
541 silly addNameRange     '1.1.0',
541 silly addNameRange     '1.1.1',
541 silly addNameRange     '1.1.2',
541 silly addNameRange     '1.1.3',
541 silly addNameRange     '1.1.4',
541 silly addNameRange     '1.1.5',
541 silly addNameRange     '1.1.6',
541 silly addNameRange     '1.1.7',
541 silly addNameRange     '1.2.0',
541 silly addNameRange     '1.2.1',
541 silly addNameRange     '1.2.2',
541 silly addNameRange     '1.2.3',
541 silly addNameRange     '1.2.4',
541 silly addNameRange     '1.3.0',
541 silly addNameRange     '1.3.1',
541 silly addNameRange     '1.3.2',
541 silly addNameRange     '1.3.3',
541 silly addNameRange     '1.4.0',
541 silly addNameRange     '1.4.1',
541 silly addNameRange     '1.4.2',
541 silly addNameRange     '1.4.3',
541 silly addNameRange     '1.4.4',
541 silly addNameRange     '1.5.0',
541 silly addNameRange     '1.5.1',
541 silly addNameRange     '1.5.2',
541 silly addNameRange     '1.6.0' ] ]
542 verbose addNamed [ 'underscore', '1.4.4' ]
543 verbose addNamed [ '1.4.4', '1.4.4' ]
544 silly lockFile c6b5e825-underscore-1-4-4 underscore@1.4.4
545 verbose lock underscore@1.4.4 /Users/admin/.npm/c6b5e825-underscore-1-4-4.lock
546 silly lockFile c6b5e825-underscore-1-4-4 underscore@1.4.4
547 silly lockFile c6b5e825-underscore-1-4-4 underscore@1.4.4
548 silly lockFile 0234e20e-underscore-1-4-2 underscore@~1.4.2
549 silly lockFile 0234e20e-underscore-1-4-2 underscore@~1.4.2
550 http 304 https://registry.npmjs.org/less
551 silly registry.get cb [ 304,
551 silly registry.get   { date: 'Thu, 17 Jul 2014 09:11:34 GMT',
551 silly registry.get     server: 'Apache',
551 silly registry.get     via: '1.1 varnish',
551 silly registry.get     'last-modified': 'Thu, 17 Jul 2014 09:11:12 GMT',
551 silly registry.get     'cache-control': 'max-age=30',
551 silly registry.get     etag: '"BVYJESOSNGMGZABCHM0YIQELC"',
551 silly registry.get     'x-served-by': 'cache-ty68-TYO',
551 silly registry.get     'x-cache': 'HIT',
551 silly registry.get     'x-cache-hits': '2',
551 silly registry.get     'x-timer': 'S1405588294.308675,VS0,VE0',
551 silly registry.get     vary: 'Accept',
551 silly registry.get     'content-length': '0',
551 silly registry.get     'keep-alive': 'timeout=10, max=46',
551 silly registry.get     connection: 'Keep-Alive' } ]
552 verbose etag less from cache
553 silly lockFile ca7dd1d0-less-1-6-0 less@1.6.0
554 silly lockFile ca7dd1d0-less-1-6-0 less@1.6.0
555 verbose about to build /Users/admin/node_modules/clam
556 info /Users/admin/node_modules/clam unbuild
557 info preuninstall clam@0.11.7
558 info uninstall clam@0.11.7
559 verbose true,/Users/admin/node_modules,/Users/admin/node_modules unbuild clam@0.11.7
560 verbose /Users/admin/node_modules/.bin,[object Object] binRoot
561 info postuninstall clam@0.11.7
562 error Error: EACCES, open '/Users/admin/.npm/less/1.6.0/package/package.json'
562 error  { [Error: EACCES, open '/Users/admin/.npm/less/1.6.0/package/package.json']
562 error   errno: 3,
562 error   code: 'EACCES',
562 error   path: '/Users/admin/.npm/less/1.6.0/package/package.json',
562 error   parent: 'clam' }
563 error Please try running this command again as root/Administrator.
564 error System Darwin 13.3.0
565 error command "node" "/usr/local/bin/npm" "--sava-dev" "install" "clam"
566 error cwd /Users/admin/Documents/test
567 error node -v v0.10.29
568 error npm -v 1.4.14
569 error path /Users/admin/.npm/less/1.6.0/package/package.json
570 error code EACCES
571 error errno 3
572 error stack Error: EACCES, open '/Users/admin/.npm/less/1.6.0/package/package.json'
573 verbose exit [ 3, true ]
